<?xml version="1.0" encoding="UTF-8"?>
<!-- Generated by org.testng.reporters.JUnitXMLReporter -->
<testsuite ignored="1" hostname="Yausoob-PC" failures="0" tests="8" name="Test" time="38.284" errors="0" timestamp="2023-09-13T16:25:58 PKT">
  <testcase classname="com.Ahsan1.TestingNG.HomePage" name="@BeforeMethod startFireFox" time="20.288">
    <failure type="org.openqa.selenium.NoSuchElementException" message="Unable to locate element: *[name=&amp;apos;username&amp;apos;]
For documentation on this error, please visit: https://www.selenium.dev/documentation/webdriver/troubleshooting/errors#no-such-element-exception
Build info: version: &amp;apos;4.11.0&amp;apos;, revision: &amp;apos;040bc5406b&amp;apos;
System info: os.name: &amp;apos;Windows 10&amp;apos;, os.arch: &amp;apos;amd64&amp;apos;, os.version: &amp;apos;10.0&amp;apos;, java.version: &amp;apos;17.0.8&amp;apos;
Driver info: org.openqa.selenium.firefox.FirefoxDriver
Command: [326bc04a-03f3-4deb-95a5-1f7e2cb0b2ca, findElement {using=name, value=username}]
Capabilities {acceptInsecureCerts: true, browserName: firefox, browserVersion: 116.0, moz:accessibilityChecks: false, moz:buildID: 20230727152340, moz:debuggerAddress: 127.0.0.1:21244, moz:geckodriverVersion: 0.33.0, moz:headless: false, moz:platformVersion: 10.0, moz:processID: 14760, moz:profile: C:\Users\SYESAH~1\AppData\L..., moz:shutdownTimeout: 60000, moz:webdriverClick: true, moz:windowless: false, pageLoadStrategy: normal, platformName: windows, proxy: Proxy(), se:cdp: ws://127.0.0.1:21244/devtoo..., se:cdpVersion: 85.0, setWindowRect: true, strictFileInteractability: false, timeouts: {implicit: 0, pageLoad: 300000, script: 30000}, unhandledPromptBehavior: dismiss and notify}
Session ID: 326bc04a-03f3-4deb-95a5-1f7e2cb0b2ca">
      <![CDATA[org.openqa.selenium.NoSuchElementException: Unable to locate element: *[name='username']
For documentation on this error, please visit: https://www.selenium.dev/documentation/webdriver/troubleshooting/errors#no-such-element-exception
Build info: version: '4.11.0', revision: '040bc5406b'
System info: os.name: 'Windows 10', os.arch: 'amd64', os.version: '10.0', java.version: '17.0.8'
Driver info: org.openqa.selenium.firefox.FirefoxDriver
Command: [326bc04a-03f3-4deb-95a5-1f7e2cb0b2ca, findElement {using=name, value=username}]
Capabilities {acceptInsecureCerts: true, browserName: firefox, browserVersion: 116.0, moz:accessibilityChecks: false, moz:buildID: 20230727152340, moz:debuggerAddress: 127.0.0.1:21244, moz:geckodriverVersion: 0.33.0, moz:headless: false, moz:platformVersion: 10.0, moz:processID: 14760, moz:profile: C:\Users\SYESAH~1\AppData\L..., moz:shutdownTimeout: 60000, moz:webdriverClick: true, moz:windowless: false, pageLoadStrategy: normal, platformName: windows, proxy: Proxy(), se:cdp: ws://127.0.0.1:21244/devtoo..., se:cdpVersion: 85.0, setWindowRect: true, strictFileInteractability: false, timeouts: {implicit: 0, pageLoad: 300000, script: 30000}, unhandledPromptBehavior: dismiss and notify}
Session ID: 326bc04a-03f3-4deb-95a5-1f7e2cb0b2ca
at org.openqa.selenium.remote.codec.w3c.W3CHttpResponseCodec.createException(W3CHttpResponseCodec.java:200)
at org.openqa.selenium.remote.codec.w3c.W3CHttpResponseCodec.decode(W3CHttpResponseCodec.java:133)
at org.openqa.selenium.remote.codec.w3c.W3CHttpResponseCodec.decode(W3CHttpResponseCodec.java:52)
at org.openqa.selenium.remote.HttpCommandExecutor.execute(HttpCommandExecutor.java:191)
at org.openqa.selenium.remote.service.DriverCommandExecutor.invokeExecute(DriverCommandExecutor.java:196)
at org.openqa.selenium.remote.service.DriverCommandExecutor.execute(DriverCommandExecutor.java:171)
at org.openqa.selenium.remote.RemoteWebDriver.execute(RemoteWebDriver.java:518)
at org.openqa.selenium.remote.ElementLocation$ElementFinder$2.findElement(ElementLocation.java:165)
at org.openqa.selenium.remote.ElementLocation.findElement(ElementLocation.java:66)
at org.openqa.selenium.remote.RemoteWebDriver.findElement(RemoteWebDriver.java:355)
at org.openqa.selenium.remote.RemoteWebDriver.findElement(RemoteWebDriver.java:349)
at com.Ahsan1.TestingNG.HomePage.login(HomePage.java:56)
at com.Ahsan1.TestingNG.HomePage.startFireFox(HomePage.java:23)
at java.base/java.util.ArrayList.forEach(ArrayList.java:1511)
... Removed 36 stack frames]]>
    </failure>
  </testcase> <!-- @BeforeMethod startFireFox -->
  <testcase classname="com.Ahsan1.TestingNG.HomePage" name="@AfterMethod cleaupProc" time="0.0">
    <skipped/>
  </testcase> <!-- @AfterMethod cleaupProc -->
  <testcase classname="com.Ahsan1.TestingNG.HomePage" name="@BeforeMethod startFireFox" time="0.0">
    <skipped/>
  </testcase> <!-- @BeforeMethod startFireFox -->
  <testcase classname="com.Ahsan1.TestingNG.HomePage" name="@AfterMethod cleaupProc" time="0.0">
    <skipped/>
  </testcase> <!-- @AfterMethod cleaupProc -->
  <testcase classname="com.Ahsan1.TestingNG.HomePage" name="clickOnContactsLinkTest" time="0.0">
    <skipped/>
  </testcase> <!-- clickOnContactsLinkTest -->
  <testcase classname="com.Ahsan1.TestingNG.HomePage" name="clickOnDealsLinkTest" time="0.001">
    <skipped/>
  </testcase> <!-- clickOnDealsLinkTest -->
  <testcase classname="com.Ahsan1.TestingNG.Login" name="verifyPageTitleTest" time="0.089"/>
  <testcase classname="com.Ahsan1.TestingNG.Login" name="verifyPageTitleTest" time="0.043"/>
  <testcase classname="com.Ahsan1.TestingNG.Login" name="verifyPageTitleTest" time="0.02"/>
  <testcase classname="com.Ahsan1.TestingNG.Login" name="verifyPageTitleTest" time="0.045"/>
  <testcase classname="com.Ahsan1.TestingNG.Login" name="verifyPageTitleTest" time="0.017"/>
  <testcase classname="com.Ahsan1.TestingNG.Login" name="verifyFreeCRMLogoTest" time="0.898"/>
  <testcase classname="com.Ahsan1.TestingNG.Login" name="verifyFree1CRMLogoTest" time="0.0">
    <ignored/>
  </testcase> <!-- verifyFree1CRMLogoTest -->
</testsuite> <!-- Test -->
